# JRE version: Java(TM) SE Runtime Environment (17.0.13+10) (build 17.0.13+10-LTS-268)
# Java VM: Java HotSpot(TM) 64-Bit Server VM (17.0.13+10-LTS-268, mixed mode, sharing, tiered, compressed oops, compressed class ptrs, g1 gc, windows-amd64)
GC Precious Log:
 CPUs: 16 total, 16 available
 Memory: 16297M
 Large Page Support: Disabled
 NUMA Support: Disabled
 Compressed Oops: Enabled (32-bit)
 Heap Region Size: 1M
 Heap Min Capacity: 8M
 Heap Initial Capacity: 256M
 Heap Max Capacity: 2G
 Pre-touch: Disabled
 Parallel Workers: 13
 Concurrent Workers: 3
 Concurrent Refinement Workers: 13
 Periodic GC: Disabled
Heap:
 garbage-first heap   total 253952K, used 205417K [0x0000000080000000, 0x0000000100000000)
  region size 1024K, 25 young (25600K), 4 survivors (4096K)
 Metaspace       used 123513K, committed 124288K, reserved 1179648K
  class space    used 15833K, committed 16192K, reserved 1048576K
GC Heap History (20 events):
Event: 9.808 GC heap after
{Heap after GC invocations=27 (full 0):
 garbage-first heap   total 253952K, used 113667K [0x0000000080000000, 0x0000000100000000)
  region size 1024K, 10 young (10240K), 10 survivors (10240K)
 Metaspace       used 94804K, committed 95552K, reserved 1179648K
  class space    used 12406K, committed 12736K, reserved 1048576K
}
Event: 10.407 GC heap before
{Heap before GC invocations=27 (full 0):
 garbage-first heap   total 253952K, used 199683K [0x0000000080000000, 0x0000000100000000)
  region size 1024K, 93 young (95232K), 10 survivors (10240K)
 Metaspace       used 102604K, committed 103360K, reserved 1179648K
  class space    used 13220K, committed 13568K, reserved 1048576K
}
Event: 10.413 GC heap after
{Heap after GC invocations=28 (full 0):
 garbage-first heap   total 253952K, used 118910K [0x0000000080000000, 0x0000000100000000)
  region size 1024K, 10 young (10240K), 10 survivors (10240K)
 Metaspace       used 102604K, committed 103360K, reserved 1179648K
  class space    used 13220K, committed 13568K, reserved 1048576K
}
Event: 11.163 GC heap before
{Heap before GC invocations=28 (full 0):
 garbage-first heap   total 253952K, used 201854K [0x0000000080000000, 0x0000000100000000)
  region size 1024K, 91 young (93184K), 10 survivors (10240K)
 Metaspace       used 110117K, committed 110848K, reserved 1179648K
  class space    used 14220K, committed 14528K, reserved 1048576K
}
Event: 11.167 GC heap after
{Heap after GC invocations=29 (full 0):
 garbage-first heap   total 253952K, used 117904K [0x0000000080000000, 0x0000000100000000)
  region size 1024K, 5 young (5120K), 5 survivors (5120K)
 Metaspace       used 110117K, committed 110848K, reserved 1179648K
  class space    used 14220K, committed 14528K, reserved 1048576K
}
Event: 11.907 GC heap before
{Heap before GC invocations=29 (full 0):
 garbage-first heap   total 253952K, used 175248K [0x0000000080000000, 0x0000000100000000)
  region size 1024K, 62 young (63488K), 5 survivors (5120K)
 Metaspace       used 117574K, committed 118336K, reserved 1179648K
  class space    used 15091K, committed 15424K, reserved 1048576K
}
Event: 11.911 GC heap after
{Heap after GC invocations=30 (full 0):
 garbage-first heap   total 253952K, used 121771K [0x0000000080000000, 0x0000000100000000)
  region size 1024K, 9 young (9216K), 9 survivors (9216K)
 Metaspace       used 117574K, committed 118336K, reserved 1179648K
  class space    used 15091K, committed 15424K, reserved 1048576K
}
Event: 12.829 GC heap before
{Heap before GC invocations=31 (full 0):
 garbage-first heap   total 253952K, used 204715K [0x0000000080000000, 0x0000000100000000)
  region size 1024K, 91 young (93184K), 9 survivors (9216K)
 Metaspace       used 123057K, committed 123840K, reserved 1179648K
  class space    used 15803K, committed 16192K, reserved 1048576K
}
Event: 12.835 GC heap after
{Heap after GC invocations=32 (full 0):
 garbage-first heap   total 253952K, used 128255K [0x0000000080000000, 0x0000000100000000)
  region size 1024K, 12 young (12288K), 12 survivors (12288K)
 Metaspace       used 123057K, committed 123840K, reserved 1179648K
  class space    used 15803K, committed 16192K, reserved 1048576K
}
Event: 12.839 GC heap before
{Heap before GC invocations=32 (full 0):
 garbage-first heap   total 253952K, used 128255K [0x0000000080000000, 0x0000000100000000)
  region size 1024K, 13 young (13312K), 12 survivors (12288K)
 Metaspace       used 123064K, committed 123840K, reserved 1179648K
  class space    used 15803K, committed 16192K, reserved 1048576K
}
Event: 12.845 GC heap after
{Heap after GC invocations=33 (full 0):
 garbage-first heap   total 253952K, used 129363K [0x0000000080000000, 0x0000000100000000)
  region size 1024K, 2 young (2048K), 2 survivors (2048K)
 Metaspace       used 123064K, committed 123840K, reserved 1179648K
  class space    used 15803K, committed 16192K, reserved 1048576K
}
Event: 13.081 GC heap before
{Heap before GC invocations=33 (full 0):
 garbage-first heap   total 253952K, used 205139K [0x0000000080000000, 0x0000000100000000)
  region size 1024K, 77 young (78848K), 2 survivors (2048K)
 Metaspace       used 123329K, committed 124096K, reserved 1179648K
  class space    used 15811K, committed 16192K, reserved 1048576K
}
Event: 13.087 GC heap after
{Heap after GC invocations=34 (full 0):
 garbage-first heap   total 253952K, used 142111K [0x0000000080000000, 0x0000000100000000)
  region size 1024K, 10 young (10240K), 10 survivors (10240K)
 Metaspace       used 123329K, committed 124096K, reserved 1179648K
  class space    used 15811K, committed 16192K, reserved 1048576K
}
Event: 13.268 GC heap before
{Heap before GC invocations=35 (full 0):
 garbage-first heap   total 253952K, used 205599K [0x0000000080000000, 0x0000000100000000)
  region size 1024K, 70 young (71680K), 10 survivors (10240K)
 Metaspace       used 123340K, committed 124096K, reserved 1179648K
  class space    used 15811K, committed 16192K, reserved 1048576K
}
Event: 13.283 GC heap after
{Heap after GC invocations=36 (full 0):
 garbage-first heap   total 253952K, used 170946K [0x0000000080000000, 0x0000000100000000)
  region size 1024K, 9 young (9216K), 9 survivors (9216K)
 Metaspace       used 123340K, committed 124096K, reserved 1179648K
  class space    used 15811K, committed 16192K, reserved 1048576K
}
Event: 13.292 GC heap before
{Heap before GC invocations=36 (full 0):
 garbage-first heap   total 253952K, used 174018K [0x0000000080000000, 0x0000000100000000)
  region size 1024K, 12 young (12288K), 9 survivors (9216K)
 Metaspace       used 123340K, committed 124096K, reserved 1179648K
  class space    used 15811K, committed 16192K, reserved 1048576K
}
Event: 13.300 GC heap after
{Heap after GC invocations=37 (full 0):
 garbage-first heap   total 253952K, used 171319K [0x0000000080000000, 0x0000000100000000)
  region size 1024K, 2 young (2048K), 2 survivors (2048K)
 Metaspace       used 123340K, committed 124096K, reserved 1179648K
  class space    used 15811K, committed 16192K, reserved 1048576K
}
Event: 13.379 GC heap before
{Heap before GC invocations=37 (full 0):
 garbage-first heap   total 253952K, used 199991K [0x0000000080000000, 0x0000000100000000)
  region size 1024K, 31 young (31744K), 2 survivors (2048K)
 Metaspace       used 123389K, committed 124160K, reserved 1179648K
  class space    used 15823K, committed 16192K, reserved 1048576K
}
Event: 13.385 GC heap after
{Heap after GC invocations=38 (full 0):
 garbage-first heap   total 253952K, used 183913K [0x0000000080000000, 0x0000000100000000)
  region size 1024K, 4 young (4096K), 4 survivors (4096K)
 Metaspace       used 123389K, committed 124160K, reserved 1179648K
  class space    used 15823K, committed 16192K, reserved 1048576K
}
Event: 13.459 GC heap before
{Heap before GC invocations=38 (full 0):
 garbage-first heap   total 253952K, used 204393K [0x0000000080000000, 0x0000000100000000)
  region size 1024K, 25 young (25600K), 4 survivors (4096K)
 Metaspace       used 123513K, committed 124288K, reserved 1179648K
  class space    used 15833K, committed 16192K, reserved 1048576K
}

